0 info it worked if it ends with ok
1 verbose cli [ '/Users/stefanoverna/.nvm/versions/node/v8.1.4/bin/node',
1 verbose cli   '/Users/stefanoverna/.nvm/versions/node/v8.1.4/bin/npm',
1 verbose cli   'run',
1 verbose cli   'start:metalsmith' ]
2 info using npm@2.15.12
3 info using node@v8.1.4
4 verbose run-script [ 'prestart:metalsmith',
4 verbose run-script   'start:metalsmith',
4 verbose run-script   'poststart:metalsmith' ]
5 info prestart:metalsmith documentation@1.0.0
6 info start:metalsmith documentation@1.0.0
7 verbose unsafe-perm in lifecycle true
8 info documentation@1.0.0 Failed to exec start:metalsmith script
9 verbose stack Error: documentation@1.0.0 start:metalsmith: `NODE_ENV=development node index.js`
9 verbose stack Exit status 1
9 verbose stack     at EventEmitter.<anonymous> (/Users/stefanoverna/.config/yarn/global/node_modules/npm/lib/utils/lifecycle.js:217:16)
9 verbose stack     at emitTwo (events.js:125:13)
9 verbose stack     at EventEmitter.emit (events.js:213:7)
9 verbose stack     at ChildProcess.<anonymous> (/Users/stefanoverna/.config/yarn/global/node_modules/npm/lib/utils/spawn.js:24:14)
9 verbose stack     at emitTwo (events.js:125:13)
9 verbose stack     at ChildProcess.emit (events.js:213:7)
9 verbose stack     at maybeClose (internal/child_process.js:897:16)
9 verbose stack     at Process.ChildProcess._handle.onexit (internal/child_process.js:208:5)
10 verbose pkgid documentation@1.0.0
11 verbose cwd /Users/stefanoverna/code/sites/datocms/documentation
12 error Darwin 14.5.0
13 error argv "/Users/stefanoverna/.nvm/versions/node/v8.1.4/bin/node" "/Users/stefanoverna/.nvm/versions/node/v8.1.4/bin/npm" "run" "start:metalsmith"
14 error node v8.1.4
15 error npm  v2.15.12
16 error code ELIFECYCLE
17 error documentation@1.0.0 start:metalsmith: `NODE_ENV=development node index.js`
17 error Exit status 1
18 error Failed at the documentation@1.0.0 start:metalsmith script 'NODE_ENV=development node index.js'.
18 error This is most likely a problem with the documentation package,
18 error not with npm itself.
18 error Tell the author that this fails on your system:
18 error     NODE_ENV=development node index.js
18 error You can get information on how to open an issue for this project with:
18 error     npm bugs documentation
18 error Or if that isn't available, you can get their info via:
18 error
18 error     npm owner ls documentation
18 error There is likely additional logging output above.
19 verbose exit [ 1, true ]
